[07-Mar-2015 10:14:45] PHP Notice:  date_default_timezone_set(): Timezone ID 'europe/sofia' is invalid in /home/samba/Students/nikola/remake/news.php on line 2
[07-Mar-2015 10:14:58] PHP Notice:  date_default_timezone_set(): Timezone ID 'europe/sofia' is invalid in /home/samba/Students/nikola/remake/news.php on line 2
[07-Mar-2015 10:15:04] PHP Notice:  date_default_timezone_set(): Timezone ID 'europe/sofia' is invalid in /home/samba/Students/nikola/remake/news.php on line 2
[07-Mar-2015 10:15:06] PHP Notice:  date_default_timezone_set(): Timezone ID 'europe/sofia' is invalid in /home/samba/Students/nikola/remake/news.php on line 2
[07-Mar-2015 10:15:10] PHP Notice:  date_default_timezone_set(): Timezone ID 'europe/sofia' is invalid in /home/samba/Students/nikola/remake/news.php on line 2
[07-Mar-2015 10:15:11] PHP Notice:  date_default_timezone_set(): Timezone ID 'europe/sofia' is invalid in /home/samba/Students/nikola/remake/news.php on line 2
[07-Mar-2015 10:15:12] PHP Notice:  date_default_timezone_set(): Timezone ID 'europe/sofia' is invalid in /home/samba/Students/nikola/remake/news.php on line 2
[07-Mar-2015 10:15:15] PHP Notice:  date_default_timezone_set(): Timezone ID 'europe/sofia' is invalid in /home/samba/Students/nikola/remake/news.php on line 2
[07-Mar-2015 10:18:39] PHP Notice:  date_default_timezone_set(): Timezone ID 'europe/sofia' is invalid in /home/samba/Students/nikola/remake/news.php on line 2
[07-Mar-2015 10:18:39] PHP Notice:  date_default_timezone_set(): Timezone ID 'europe/sofia' is invalid in /home/samba/Students/nikola/remake/news.php on line 2
[07-Mar-2015 10:18:40] PHP Notice:  date_default_timezone_set(): Timezone ID 'europe/sofia' is invalid in /home/samba/Students/nikola/remake/news.php on line 2
[07-Mar-2015 10:22:06] PHP Warning:  require_once(include/function.php): failed to open stream: No such file or directory in /home/samba/Students/nikola/remake/news.php on line 2
[07-Mar-2015 10:22:06] PHP Fatal error:  require_once(): Failed opening required 'include/function.php' (include_path='.:/usr/share/pear:/usr/share/php') in /home/samba/Students/nikola/remake/news.php on line 2
[07-Mar-2015 10:22:53] PHP Notice:  Undefined variable: data in /home/samba/Students/nikola/remake/news.php on line 13
[07-Mar-2015 10:22:53] PHP Warning:  Invalid argument supplied for foreach() in /home/samba/Students/nikola/remake/news.php on line 13
[07-Mar-2015 10:24:19] PHP Parse error:  syntax error, unexpected $end, expecting T_STRING or '(' in /home/samba/Students/nikola/remake/config/function.php on line 32
[07-Mar-2015 10:26:35] PHP Fatal error:  Call to undefined function listReviews() in /home/samba/Students/nikola/remake/reviews.php on line 3
[07-Mar-2015 10:33:14] PHP Parse error:  syntax error, unexpected T_VARIABLE in /home/samba/Students/nikola/remake/header.php on line 2
[07-Mar-2015 10:33:24] PHP Fatal error:  Call to undefined function listPages() in /home/samba/Students/nikola/remake/header.php on line 2
[07-Mar-2015 10:33:35] PHP Fatal error:  Call to undefined function listPages() in /home/samba/Students/nikola/remake/header.php on line 2
[07-Mar-2015 10:36:01] PHP Parse error:  syntax error, unexpected '}', expecting ',' or ';' in /home/samba/Students/nikola/remake/header.php on line 81
[07-Mar-2015 10:40:39] PHP Parse error:  syntax error, unexpected T_ECHO in /home/samba/Students/nikola/remake/config/function.php on line 126
[07-Mar-2015 10:40:52] PHP Parse error:  syntax error, unexpected T_ECHO in /home/samba/Students/nikola/remake/config/function.php on line 126
[07-Mar-2015 10:40:53] PHP Parse error:  syntax error, unexpected T_ECHO in /home/samba/Students/nikola/remake/config/function.php on line 126
[07-Mar-2015 10:41:46] PHP Parse error:  syntax error, unexpected $end in /home/samba/Students/nikola/remake/config/function.php on line 135
[07-Mar-2015 11:29:02] PHP Parse error:  syntax error, unexpected '=' in /home/samba/Students/nikola/remake/news.php on line 22
[07-Mar-2015 11:50:57] PHP Notice:  A non well formed numeric value encountered in /home/samba/Students/nikola/remake/news.php on line 16
[07-Mar-2015 11:50:57] PHP Notice:  A non well formed numeric value encountered in /home/samba/Students/nikola/remake/news.php on line 16
[07-Mar-2015 11:50:57] PHP Notice:  A non well formed numeric value encountered in /home/samba/Students/nikola/remake/news.php on line 16
[07-Mar-2015 11:50:57] PHP Notice:  A non well formed numeric value encountered in /home/samba/Students/nikola/remake/news.php on line 16
[07-Mar-2015 11:52:23] PHP Parse error:  syntax error, unexpected ';' in /home/samba/Students/nikola/remake/news.php on line 16
[07-Mar-2015 11:52:33] PHP Notice:  A non well formed numeric value encountered in /home/samba/Students/nikola/remake/news.php on line 16
[07-Mar-2015 11:52:33] PHP Notice:  A non well formed numeric value encountered in /home/samba/Students/nikola/remake/news.php on line 16
[07-Mar-2015 11:52:33] PHP Notice:  A non well formed numeric value encountered in /home/samba/Students/nikola/remake/news.php on line 16
[07-Mar-2015 11:52:33] PHP Notice:  A non well formed numeric value encountered in /home/samba/Students/nikola/remake/news.php on line 16
[07-Mar-2015 11:53:10] PHP Notice:  A non well formed numeric value encountered in /home/samba/Students/nikola/remake/news.php on line 16
[07-Mar-2015 11:53:10] PHP Notice:  A non well formed numeric value encountered in /home/samba/Students/nikola/remake/news.php on line 16
[07-Mar-2015 11:53:10] PHP Notice:  A non well formed numeric value encountered in /home/samba/Students/nikola/remake/news.php on line 16
[07-Mar-2015 11:53:10] PHP Notice:  A non well formed numeric value encountered in /home/samba/Students/nikola/remake/news.php on line 16
[07-Mar-2015 11:53:11] PHP Notice:  A non well formed numeric value encountered in /home/samba/Students/nikola/remake/news.php on line 16
[07-Mar-2015 11:53:11] PHP Notice:  A non well formed numeric value encountered in /home/samba/Students/nikola/remake/news.php on line 16
[07-Mar-2015 11:53:11] PHP Notice:  A non well formed numeric value encountered in /home/samba/Students/nikola/remake/news.php on line 16
[07-Mar-2015 11:53:11] PHP Notice:  A non well formed numeric value encountered in /home/samba/Students/nikola/remake/news.php on line 16
[07-Mar-2015 13:45:58] PHP Parse error:  syntax error, unexpected T_THROW in /home/samba/Students/nikola/remake/config/function.php on line 180
[07-Mar-2015 13:46:45] PHP Parse error:  syntax error, unexpected T_STRING in /home/samba/Students/nikola/remake/register.php on line 3
[07-Mar-2015 13:46:50] PHP Notice:  Undefined index: email in /home/samba/Students/nikola/remake/config/function.php on line 176
[07-Mar-2015 13:46:50] PHP Notice:  Undefined index: pass in /home/samba/Students/nikola/remake/config/function.php on line 176
[07-Mar-2015 13:46:50] PHP Notice:  Undefined index: rpass in /home/samba/Students/nikola/remake/config/function.php on line 176
[07-Mar-2015 13:46:52] PHP Notice:  Undefined index: email in /home/samba/Students/nikola/remake/config/function.php on line 176
[07-Mar-2015 13:46:52] PHP Notice:  Undefined index: pass in /home/samba/Students/nikola/remake/config/function.php on line 176
[07-Mar-2015 13:46:52] PHP Notice:  Undefined index: rpass in /home/samba/Students/nikola/remake/config/function.php on line 176
[07-Mar-2015 13:48:00] PHP Parse error:  syntax error, unexpected '{' in /home/samba/Students/nikola/remake/config/function.php on line 176
[07-Mar-2015 13:49:37] PHP Notice:  Undefined variable: errors in /home/samba/Students/nikola/remake/config/function.php on line 194
[07-Mar-2015 13:50:02] PHP Notice:  Undefined variable: errors in /home/samba/Students/nikola/remake/config/function.php on line 195
[07-Mar-2015 13:51:10] PHP Notice:  Undefined variable: err in /home/samba/Students/nikola/remake/config/function.php on line 189
[07-Mar-2015 13:51:10] PHP Fatal error:  Call to a member function getMessage() on a non-object in /home/samba/Students/nikola/remake/config/function.php on line 189
[07-Mar-2015 13:51:34] PHP Notice:  Undefined variable: e in /home/samba/Students/nikola/remake/config/function.php on line 189
[07-Mar-2015 13:51:34] PHP Fatal error:  Call to a member function getMessage() on a non-object in /home/samba/Students/nikola/remake/config/function.php on line 189
[07-Mar-2015 13:52:32] PHP Notice:  Undefined variable: e in /home/samba/Students/nikola/remake/config/function.php on line 189
[07-Mar-2015 13:52:32] PHP Fatal error:  Call to a member function getMessage() on a non-object in /home/samba/Students/nikola/remake/config/function.php on line 189
[07-Mar-2015 13:53:00] PHP Notice:  Undefined variable: e in /home/samba/Students/nikola/remake/config/function.php on line 189
[07-Mar-2015 13:53:00] PHP Fatal error:  Call to a member function getMessage() on a non-object in /home/samba/Students/nikola/remake/config/function.php on line 189
[07-Mar-2015 13:53:31] PHP Notice:  Undefined variable: e in /home/samba/Students/nikola/remake/config/function.php on line 189
[07-Mar-2015 13:53:31] PHP Fatal error:  Call to a member function getMessage() on a non-object in /home/samba/Students/nikola/remake/config/function.php on line 189
[07-Mar-2015 13:53:50] PHP Notice:  Undefined variable: e in /home/samba/Students/nikola/remake/config/function.php on line 189
[07-Mar-2015 13:53:50] PHP Fatal error:  Call to a member function getMessage() on a non-object in /home/samba/Students/nikola/remake/config/function.php on line 189
[07-Mar-2015 13:54:38] PHP Notice:  Undefined variable: e in /home/samba/Students/nikola/remake/config/function.php on line 189
[07-Mar-2015 13:54:38] PHP Fatal error:  Call to a member function getMessage() on a non-object in /home/samba/Students/nikola/remake/config/function.php on line 189
[07-Mar-2015 13:54:50] PHP Notice:  Undefined variable: e in /home/samba/Students/nikola/remake/config/function.php on line 189
[07-Mar-2015 13:54:50] PHP Notice:  Undefined variable: e in /home/samba/Students/nikola/remake/config/function.php on line 189
[07-Mar-2015 13:54:50] PHP Notice:  Undefined variable: e in /home/samba/Students/nikola/remake/config/function.php on line 189
[21-Mar-2015 13:37:18] PHP Warning:  mysqli_connect(): (HY000/2003): Can't connect to MySQL server on '192.168.50.2' (111) in /home/samba/Students/nikola/remake/config/settings.php on line 2
[21-Mar-2015 13:37:18] PHP Warning:  mysqli_error() expects exactly 1 parameter, 0 given in /home/samba/Students/nikola/remake/config/settings.php on line 2
[21-Mar-2015 13:37:33] PHP Warning:  mysqli_connect(): (HY000/2003): Can't connect to MySQL server on '192.168.50.2' (111) in /home/samba/Students/nikola/remake/config/settings.php on line 2
[21-Mar-2015 13:37:33] PHP Warning:  mysqli_error() expects parameter 1 to be mysqli, boolean given in /home/samba/Students/nikola/remake/config/settings.php on line 2
[21-Mar-2015 13:37:34] PHP Warning:  mysqli_connect(): (HY000/2003): Can't connect to MySQL server on '192.168.50.2' (111) in /home/samba/Students/nikola/remake/config/settings.php on line 2
[21-Mar-2015 13:37:34] PHP Warning:  mysqli_error() expects parameter 1 to be mysqli, boolean given in /home/samba/Students/nikola/remake/config/settings.php on line 2
[21-Mar-2015 13:38:02] PHP Warning:  mysqli_connect(): (28000/1045): Access denied for user 'stundets'@'192.168.50.221' (using password: YES) in /home/samba/Students/nikola/remake/config/settings.php on line 2
[21-Mar-2015 13:38:02] PHP Warning:  mysqli_error() expects parameter 1 to be mysqli, boolean given in /home/samba/Students/nikola/remake/config/settings.php on line 2
[21-Mar-2015 13:38:22] PHP Warning:  mysqli_connect(): (28000/1045): Access denied for user 'studets'@'192.168.50.221' (using password: YES) in /home/samba/Students/nikola/remake/config/settings.php on line 2
[21-Mar-2015 13:38:22] PHP Warning:  mysqli_error() expects parameter 1 to be mysqli, boolean given in /home/samba/Students/nikola/remake/config/settings.php on line 2
[21-Mar-2015 13:38:27] PHP Warning:  mysqli_connect(): (28000/1045): Access denied for user 'students'@'192.168.50.221' (using password: YES) in /home/samba/Students/nikola/remake/config/settings.php on line 2
[21-Mar-2015 13:38:27] PHP Warning:  mysqli_error() expects parameter 1 to be mysqli, boolean given in /home/samba/Students/nikola/remake/config/settings.php on line 2
[21-Mar-2015 13:38:49] PHP Warning:  mysqli_connect(): (28000/1045): Access denied for user 'students'@'192.168.50.221' (using password: YES) in /home/samba/Students/nikola/remake/config/settings.php on line 2
[21-Mar-2015 13:38:49] PHP Warning:  mysqli_error() expects parameter 1 to be mysqli, boolean given in /home/samba/Students/nikola/remake/config/settings.php on line 2
[21-Mar-2015 13:38:55] PHP Warning:  mysqli_connect(): (28000/1045): Access denied for user 'students'@'192.168.50.221' (using password: YES) in /home/samba/Students/nikola/remake/config/settings.php on line 2
[21-Mar-2015 13:38:55] PHP Warning:  mysqli_error() expects parameter 1 to be mysqli, boolean given in /home/samba/Students/nikola/remake/config/settings.php on line 2
[21-Mar-2015 13:38:56] PHP Warning:  mysqli_connect(): (28000/1045): Access denied for user 'students'@'192.168.50.221' (using password: YES) in /home/samba/Students/nikola/remake/config/settings.php on line 2
[21-Mar-2015 13:38:56] PHP Warning:  mysqli_error() expects parameter 1 to be mysqli, boolean given in /home/samba/Students/nikola/remake/config/settings.php on line 2
[21-Mar-2015 13:38:56] PHP Warning:  mysqli_connect(): (28000/1045): Access denied for user 'students'@'192.168.50.221' (using password: YES) in /home/samba/Students/nikola/remake/config/settings.php on line 2
[21-Mar-2015 13:38:56] PHP Warning:  mysqli_error() expects parameter 1 to be mysqli, boolean given in /home/samba/Students/nikola/remake/config/settings.php on line 2
[21-Mar-2015 13:38:56] PHP Warning:  mysqli_connect(): (28000/1045): Access denied for user 'students'@'192.168.50.221' (using password: YES) in /home/samba/Students/nikola/remake/config/settings.php on line 2
[21-Mar-2015 13:38:56] PHP Warning:  mysqli_error() expects parameter 1 to be mysqli, boolean given in /home/samba/Students/nikola/remake/config/settings.php on line 2
[21-Mar-2015 13:38:57] PHP Warning:  mysqli_connect(): (28000/1045): Access denied for user 'students'@'192.168.50.221' (using password: YES) in /home/samba/Students/nikola/remake/config/settings.php on line 2
[21-Mar-2015 13:38:57] PHP Warning:  mysqli_error() expects parameter 1 to be mysqli, boolean given in /home/samba/Students/nikola/remake/config/settings.php on line 2
[21-Mar-2015 13:38:57] PHP Warning:  mysqli_connect(): (28000/1045): Access denied for user 'students'@'192.168.50.221' (using password: YES) in /home/samba/Students/nikola/remake/config/settings.php on line 2
[21-Mar-2015 13:38:57] PHP Warning:  mysqli_error() expects parameter 1 to be mysqli, boolean given in /home/samba/Students/nikola/remake/config/settings.php on line 2
[21-Mar-2015 13:39:25] PHP Warning:  mysqli_connect(): (28000/1045): Access denied for user 'students'@'192.168.50.221' (using password: YES) in /home/samba/Students/nikola/remake/config/settings.php on line 2
[21-Mar-2015 13:39:25] PHP Warning:  mysqli_error() expects parameter 1 to be mysqli, boolean given in /home/samba/Students/nikola/remake/config/settings.php on line 2
[21-Mar-2015 13:40:03] PHP Warning:  mysqli_connect(): (28000/1045): Access denied for user 'students'@'192.168.50.221' (using password: YES) in /home/samba/Students/nikola/remake/config/settings.php on line 2
[21-Mar-2015 13:40:03] PHP Warning:  mysqli_error() expects parameter 1 to be mysqli, boolean given in /home/samba/Students/nikola/remake/config/settings.php on line 2
[21-Mar-2015 13:40:03] PHP Warning:  mysqli_connect(): (28000/1045): Access denied for user 'students'@'192.168.50.221' (using password: YES) in /home/samba/Students/nikola/remake/config/settings.php on line 2
[21-Mar-2015 13:40:03] PHP Warning:  mysqli_error() expects parameter 1 to be mysqli, boolean given in /home/samba/Students/nikola/remake/config/settings.php on line 2
[21-Mar-2015 13:40:03] PHP Warning:  mysqli_connect(): (28000/1045): Access denied for user 'students'@'192.168.50.221' (using password: YES) in /home/samba/Students/nikola/remake/config/settings.php on line 2
[21-Mar-2015 13:40:03] PHP Warning:  mysqli_error() expects parameter 1 to be mysqli, boolean given in /home/samba/Students/nikola/remake/config/settings.php on line 2
[21-Mar-2015 13:40:03] PHP Warning:  mysqli_connect(): (28000/1045): Access denied for user 'students'@'192.168.50.221' (using password: YES) in /home/samba/Students/nikola/remake/config/settings.php on line 2
[21-Mar-2015 13:40:03] PHP Warning:  mysqli_error() expects parameter 1 to be mysqli, boolean given in /home/samba/Students/nikola/remake/config/settings.php on line 2
[21-Mar-2015 13:40:27] PHP Warning:  mysqli_connect(): (28000/1045): Access denied for user 'students'@'192.168.50.221' (using password: YES) in /home/samba/Students/nikola/remake/config/settings.php on line 2
[21-Mar-2015 13:40:27] PHP Warning:  mysqli_error() expects parameter 1 to be mysqli, boolean given in /home/samba/Students/nikola/remake/config/settings.php on line 2
[21-Mar-2015 13:40:33] PHP Warning:  mysqli_connect(): (28000/1045): Access denied for user 'students'@'192.168.50.221' (using password: YES) in /home/samba/Students/nikola/remake/config/settings.php on line 2
[21-Mar-2015 13:40:33] PHP Warning:  mysqli_error() expects parameter 1 to be mysqli, boolean given in /home/samba/Students/nikola/remake/config/settings.php on line 2
[21-Mar-2015 13:40:36] PHP Warning:  mysqli_connect(): (28000/1045): Access denied for user 'students'@'192.168.50.221' (using password: YES) in /home/samba/Students/nikola/remake/config/settings.php on line 2
[21-Mar-2015 13:40:36] PHP Warning:  mysqli_error() expects parameter 1 to be mysqli, boolean given in /home/samba/Students/nikola/remake/config/settings.php on line 2
[21-Mar-2015 13:40:37] PHP Warning:  mysqli_connect(): (28000/1045): Access denied for user 'students'@'192.168.50.221' (using password: YES) in /home/samba/Students/nikola/remake/config/settings.php on line 2
[21-Mar-2015 13:40:37] PHP Warning:  mysqli_error() expects parameter 1 to be mysqli, boolean given in /home/samba/Students/nikola/remake/config/settings.php on line 2
[21-Mar-2015 13:40:37] PHP Warning:  mysqli_connect(): (28000/1045): Access denied for user 'students'@'192.168.50.221' (using password: YES) in /home/samba/Students/nikola/remake/config/settings.php on line 2
[21-Mar-2015 13:40:37] PHP Warning:  mysqli_error() expects parameter 1 to be mysqli, boolean given in /home/samba/Students/nikola/remake/config/settings.php on line 2
[21-Mar-2015 13:40:37] PHP Warning:  mysqli_connect(): (28000/1045): Access denied for user 'students'@'192.168.50.221' (using password: YES) in /home/samba/Students/nikola/remake/config/settings.php on line 2
[21-Mar-2015 13:40:37] PHP Warning:  mysqli_error() expects parameter 1 to be mysqli, boolean given in /home/samba/Students/nikola/remake/config/settings.php on line 2
[21-Mar-2015 13:40:53] PHP Warning:  mysqli_connect(): (28000/1045): Access denied for user 'students'@'192.168.50.221' (using password: YES) in /home/samba/Students/nikola/remake/config/settings.php on line 2
[21-Mar-2015 13:40:53] PHP Warning:  mysqli_error() expects parameter 1 to be mysqli, boolean given in /home/samba/Students/nikola/remake/config/settings.php on line 2
[21-Mar-2015 13:41:08] PHP Warning:  mysqli_connect(): (28000/1045): Access denied for user 'students'@'192.168.50.221' (using password: YES) in /home/samba/Students/nikola/remake/config/settings.php on line 2
[21-Mar-2015 13:41:08] PHP Warning:  mysqli_error() expects parameter 1 to be mysqli, boolean given in /home/samba/Students/nikola/remake/config/settings.php on line 2
[21-Mar-2015 13:41:22] PHP Warning:  mysqli_connect(): (28000/1045): Access denied for user 'students'@'192.168.50.221' (using password: YES) in /home/samba/Students/nikola/remake/config/settings.php on line 2
[21-Mar-2015 13:41:22] PHP Warning:  mysqli_error() expects parameter 1 to be mysqli, boolean given in /home/samba/Students/nikola/remake/config/settings.php on line 2
[21-Mar-2015 13:41:36] PHP Warning:  mysqli_connect(): (28000/1045): Access denied for user 'student'@'192.168.50.221' (using password: YES) in /home/samba/Students/nikola/remake/config/settings.php on line 2
[21-Mar-2015 13:41:36] PHP Warning:  mysqli_error() expects parameter 1 to be mysqli, boolean given in /home/samba/Students/nikola/remake/config/settings.php on line 2
[21-Mar-2015 13:41:39] PHP Warning:  mysqli_connect(): (28000/1045): Access denied for user 'students'@'192.168.50.221' (using password: YES) in /home/samba/Students/nikola/remake/config/settings.php on line 2
[21-Mar-2015 13:41:39] PHP Warning:  mysqli_error() expects parameter 1 to be mysqli, boolean given in /home/samba/Students/nikola/remake/config/settings.php on line 2
[21-Mar-2015 13:41:46] PHP Warning:  mysqli_connect(): (28000/1045): Access denied for user 'students'@'192.168.50.221' (using password: YES) in /home/samba/Students/nikola/remake/config/settings.php on line 2
[21-Mar-2015 13:41:46] PHP Warning:  mysqli_error() expects exactly 1 parameter, 0 given in /home/samba/Students/nikola/remake/config/settings.php on line 2
[21-Mar-2015 13:41:47] PHP Warning:  mysqli_connect(): (28000/1045): Access denied for user 'students'@'192.168.50.221' (using password: YES) in /home/samba/Students/nikola/remake/config/settings.php on line 2
[21-Mar-2015 13:41:47] PHP Warning:  mysqli_error() expects exactly 1 parameter, 0 given in /home/samba/Students/nikola/remake/config/settings.php on line 2
[21-Mar-2015 13:42:17] PHP Warning:  mysqli_connect(): (28000/1045): Access denied for user 'students'@'192.168.50.221' (using password: YES) in /home/samba/Students/nikola/remake/config/settings.php on line 2
[21-Mar-2015 13:42:17] PHP Warning:  mysqli_error() expects exactly 1 parameter, 0 given in /home/samba/Students/nikola/remake/config/settings.php on line 2
[21-Mar-2015 13:42:18] PHP Warning:  mysqli_connect(): (28000/1045): Access denied for user 'students'@'192.168.50.221' (using password: YES) in /home/samba/Students/nikola/remake/config/settings.php on line 2
[21-Mar-2015 13:42:18] PHP Warning:  mysqli_error() expects exactly 1 parameter, 0 given in /home/samba/Students/nikola/remake/config/settings.php on line 2
[21-Mar-2015 13:42:18] PHP Warning:  mysqli_connect(): (28000/1045): Access denied for user 'students'@'192.168.50.221' (using password: YES) in /home/samba/Students/nikola/remake/config/settings.php on line 2
[21-Mar-2015 13:42:18] PHP Warning:  mysqli_error() expects exactly 1 parameter, 0 given in /home/samba/Students/nikola/remake/config/settings.php on line 2
[21-Mar-2015 13:42:18] PHP Warning:  mysqli_connect(): (28000/1045): Access denied for user 'students'@'192.168.50.221' (using password: YES) in /home/samba/Students/nikola/remake/config/settings.php on line 2
[21-Mar-2015 13:42:18] PHP Warning:  mysqli_error() expects exactly 1 parameter, 0 given in /home/samba/Students/nikola/remake/config/settings.php on line 2
[21-Mar-2015 13:42:18] PHP Warning:  mysqli_connect(): (28000/1045): Access denied for user 'students'@'192.168.50.221' (using password: YES) in /home/samba/Students/nikola/remake/config/settings.php on line 2
[21-Mar-2015 13:42:18] PHP Warning:  mysqli_error() expects exactly 1 parameter, 0 given in /home/samba/Students/nikola/remake/config/settings.php on line 2
[21-Mar-2015 13:43:26] PHP Warning:  mysqli_connect(): (28000/1045): Access denied for user 'students'@'192.168.50.221' (using password: YES) in /home/samba/Students/nikola/remake/config/settings.php on line 2
[21-Mar-2015 13:43:26] PHP Warning:  mysqli_error() expects exactly 1 parameter, 0 given in /home/samba/Students/nikola/remake/config/settings.php on line 2
[21-Mar-2015 13:43:26] PHP Warning:  mysqli_connect(): (28000/1045): Access denied for user 'students'@'192.168.50.221' (using password: YES) in /home/samba/Students/nikola/remake/config/settings.php on line 2
[21-Mar-2015 13:43:26] PHP Warning:  mysqli_error() expects exactly 1 parameter, 0 given in /home/samba/Students/nikola/remake/config/settings.php on line 2
[21-Mar-2015 13:44:09] PHP Warning:  mysqli_connect(): (42000/1044): Access denied for user 'students'@'localhost' to database 'stundents_page' in /home/samba/Students/nikola/remake/config/settings.php on line 2
[21-Mar-2015 13:44:09] PHP Warning:  mysqli_error() expects exactly 1 parameter, 0 given in /home/samba/Students/nikola/remake/config/settings.php on line 2
[21-Mar-2015 13:44:09] PHP Warning:  mysqli_connect(): (42000/1044): Access denied for user 'students'@'localhost' to database 'stundents_page' in /home/samba/Students/nikola/remake/config/settings.php on line 2
[21-Mar-2015 13:44:09] PHP Warning:  mysqli_error() expects exactly 1 parameter, 0 given in /home/samba/Students/nikola/remake/config/settings.php on line 2
[21-Mar-2015 13:44:29] PHP Warning:  mysqli_connect(): (42000/1044): Access denied for user 'students'@'localhost' to database 'stundents_pages' in /home/samba/Students/nikola/remake/config/settings.php on line 2
[21-Mar-2015 13:44:29] PHP Warning:  mysqli_error() expects exactly 1 parameter, 0 given in /home/samba/Students/nikola/remake/config/settings.php on line 2
[21-Mar-2015 13:45:31] PHP Parse error:  syntax error, unexpected T_FUNCTION in /home/samba/Students/nikola/remake/config/function.php on line 4
[21-Mar-2015 13:47:32] PHP Parse error:  syntax error, unexpected T_REQUIRE_ONCE in /home/samba/Students/nikola/remake/include/reviews.php on line 3
[21-Mar-2015 13:59:43] PHP Parse error:  syntax error, unexpected '}' in /home/samba/Students/nikola/remake/include/reviews.php on line 12
[21-Mar-2015 14:04:30] PHP Parse error:  syntax error, unexpected T_STRING in /home/samba/Students/nikola/remake/config/function.php on line 17
[21-Mar-2015 14:04:50] PHP Fatal error:  Call to undefined function mysqli_real_escape() in /home/samba/Students/nikola/remake/config/function.php on line 6
[21-Mar-2015 14:05:09] PHP Notice:  Undefined variable: conn in /home/samba/Students/nikola/remake/config/function.php on line 6
[21-Mar-2015 14:05:09] PHP Notice:  Undefined variable: conn in /home/samba/Students/nikola/remake/config/function.php on line 6
[21-Mar-2015 14:05:09] PHP Notice:  Undefined variable: conn in /home/samba/Students/nikola/remake/config/function.php on line 6
[21-Mar-2015 14:05:09] PHP Notice:  Undefined variable: conn in /home/samba/Students/nikola/remake/config/function.php on line 6
[21-Mar-2015 14:05:34] PHP Notice:  Undefined variable: conn in /home/samba/Students/nikola/remake/config/function.php on line 6
[21-Mar-2015 14:05:34] PHP Notice:  Undefined variable: conn in /home/samba/Students/nikola/remake/config/function.php on line 6
[21-Mar-2015 14:05:34] PHP Notice:  Undefined variable: conn in /home/samba/Students/nikola/remake/config/function.php on line 6
[21-Mar-2015 14:05:34] PHP Notice:  Undefined variable: conn in /home/samba/Students/nikola/remake/config/function.php on line 6
[21-Mar-2015 14:10:01] PHP Notice:  Undefined variable: conn in /home/samba/Students/nikola/remake/config/function.php on line 6
[21-Mar-2015 14:10:01] PHP Notice:  Undefined variable: conn in /home/samba/Students/nikola/remake/config/function.php on line 6
[21-Mar-2015 14:10:01] PHP Notice:  Undefined variable: conn in /home/samba/Students/nikola/remake/config/function.php on line 6
[21-Mar-2015 14:10:01] PHP Notice:  Undefined variable: conn in /home/samba/Students/nikola/remake/config/function.php on line 6
[21-Mar-2015 14:10:22] PHP Notice:  Undefined variable: conn in /home/samba/Students/nikola/remake/config/function.php on line 6
[21-Mar-2015 14:10:22] PHP Notice:  Undefined variable: conn in /home/samba/Students/nikola/remake/config/function.php on line 6
[21-Mar-2015 14:10:22] PHP Notice:  Undefined variable: conn in /home/samba/Students/nikola/remake/config/function.php on line 6
[21-Mar-2015 14:10:22] PHP Notice:  Undefined variable: conn in /home/samba/Students/nikola/remake/config/function.php on line 6
[21-Mar-2015 14:10:37] PHP Parse error:  syntax error, unexpected T_VARIABLE in /home/samba/Students/nikola/remake/config/function.php on line 4
[21-Mar-2015 14:10:54] PHP Parse error:  syntax error, unexpected T_VARIABLE in /home/samba/Students/nikola/remake/config/function.php on line 4
[21-Mar-2015 14:11:21] PHP Notice:  Undefined variable: con in /home/samba/Students/nikola/remake/config/function.php on line 6
[21-Mar-2015 14:11:21] PHP Notice:  Undefined variable: con in /home/samba/Students/nikola/remake/config/function.php on line 6
[21-Mar-2015 14:11:21] PHP Notice:  Undefined variable: con in /home/samba/Students/nikola/remake/config/function.php on line 6
[21-Mar-2015 14:11:21] PHP Notice:  Undefined variable: con in /home/samba/Students/nikola/remake/config/function.php on line 6
[21-Mar-2015 14:11:30] PHP Notice:  Undefined variable: conn in /home/samba/Students/nikola/remake/config/function.php on line 6
[21-Mar-2015 14:11:30] PHP Notice:  Undefined variable: conn in /home/samba/Students/nikola/remake/config/function.php on line 6
[21-Mar-2015 14:11:30] PHP Notice:  Undefined variable: conn in /home/samba/Students/nikola/remake/config/function.php on line 6
[21-Mar-2015 14:11:30] PHP Notice:  Undefined variable: conn in /home/samba/Students/nikola/remake/config/function.php on line 6
[21-Mar-2015 14:11:46] PHP Notice:  Undefined variable: conn in /home/samba/Students/nikola/remake/config/function.php on line 6
[21-Mar-2015 14:11:46] PHP Notice:  Undefined variable: conn in /home/samba/Students/nikola/remake/config/function.php on line 6
[21-Mar-2015 14:11:46] PHP Notice:  Undefined variable: conn in /home/samba/Students/nikola/remake/config/function.php on line 6
[21-Mar-2015 14:11:46] PHP Notice:  Undefined variable: conn in /home/samba/Students/nikola/remake/config/function.php on line 6
[21-Mar-2015 14:15:09] PHP Parse error:  syntax error, unexpected ';' in /home/samba/Students/nikola/remake/config/function.php on line 13
[21-Mar-2015 14:15:19] PHP Parse error:  syntax error, unexpected ';' in /home/samba/Students/nikola/remake/config/function.php on line 13
[21-Mar-2015 14:18:12] PHP Parse error:  syntax error, unexpected T_DOUBLE_ARROW in /home/samba/Students/nikola/remake/config/function.php on line 12
[21-Mar-2015 14:18:21] PHP Parse error:  syntax error, unexpected T_ECHO in /home/samba/Students/nikola/remake/config/function.php on line 16
[21-Mar-2015 14:25:18] PHP Parse error:  syntax error, unexpected T_ECHO in /home/samba/Students/nikola/remake/config/function.php on line 12
[21-Mar-2015 14:26:02] PHP Parse error:  syntax error, unexpected T_ENCAPSED_AND_WHITESPACE, expecting T_STRING or T_VARIABLE or T_NUM_STRING in /home/samba/Students/nikola/remake/config/function.php on line 11
[21-Mar-2015 14:26:08] PHP Notice:  Undefined index: name in /home/samba/Students/nikola/remake/config/function.php on line 11
[21-Mar-2015 14:27:02] PHP Parse error:  syntax error, unexpected ';' in /home/samba/Students/nikola/remake/config/function.php on line 13
[21-Mar-2015 14:27:15] PHP Parse error:  syntax error, unexpected ';' in /home/samba/Students/nikola/remake/config/function.php on line 13
[21-Mar-2015 14:34:44] PHP Notice:  Undefined variable: result in /home/samba/Students/nikola/remake/config/function.php on line 51
[21-Mar-2015 14:35:53] PHP Notice:  Undefined variable: res in /home/samba/Students/nikola/remake/config/function.php on line 53
[21-Mar-2015 14:39:26] PHP Parse error:  syntax error, unexpected T_WHILE in /home/samba/Students/nikola/remake/config/function.php on line 51
[21-Mar-2015 14:40:26] PHP Notice:  Undefined variable: data in /home/samba/Students/nikola/remake/config/function.php on line 57
[21-Mar-2015 14:41:55] PHP Parse error:  syntax error, unexpected '<' in /home/samba/Students/nikola/remake/config/function.php on line 53
[21-Mar-2015 14:47:19] PHP Fatal error:  Maximum execution time of 540 seconds exceeded in /home/samba/Students/nikola/remake/config/function.php on line 51
[21-Mar-2015 14:48:24] PHP Fatal error:  Maximum execution time of 540 seconds exceeded in /home/samba/Students/nikola/remake/config/function.php on line 51
[21-Mar-2015 14:49:09] PHP Parse error:  syntax error, unexpected T_VARIABLE in /home/samba/Students/nikola/remake/config/function.php on line 59
[21-Mar-2015 14:51:10] PHP Fatal error:  Call to undefined function mysqli_fetch_asssoc() in /home/samba/Students/nikola/remake/config/function.php on line 51
[21-Mar-2015 14:52:48] PHP Fatal error:  Maximum execution time of 540 seconds exceeded in /home/samba/Students/nikola/remake/config/function.php on line 51
[21-Mar-2015 14:52:48] PHP Parse error:  syntax error, unexpected '[' in /home/samba/Students/nikola/remake/config/function.php on line 50
[21-Mar-2015 14:52:57] PHP Fatal error:  Maximum execution time of 540 seconds exceeded in /home/samba/Students/nikola/remake/config/function.php on line 52
[21-Mar-2015 14:58:28] PHP Notice:  Undefined variable: DATA in /home/samba/Students/nikola/remake/config/function.php on line 26
